<?xml version="1.0" encoding="UTF-8"?>
<!-- Generated by org.testng.reporters.JUnitReportReporter -->
<testsuite hostname="LAPTOP-MNFVEGKH" failures="0" tests="3" name="testngtask.TestNGSampleTests" time="0.040" errors="0" timestamp="2023-10-15T14:07:22 IST" skipped="0">
  <testcase classname="testngtask.TestNGSampleTests" name="testVerifyTwoChars" time="0.025"/>
  <system-out/>
  <testcase classname="testngtask.TestNGSampleTests" name="testVerifyTwoStrings" time="0.004"/>
  <system-out/>
  <testcase classname="testngtask.TestNGSampleTests" name="testVerifyTwoIntegers" time="0.011"/>
  <system-out/>
</testsuite> <!-- testngtask.TestNGSampleTests -->
